This is pdfTeX, Version 3.141592653-2.6-1.40.22 (MiKTeX 21.3) (preloaded format=pdflatex 2021.4.29)  2 MAY 2021 21:01
entering extended mode
**e:/AAAACODE_TODO/LaTeX/redes.tex
(e:/AAAACODE_TODO/LaTeX/redes.tex
LaTeX2e <2020-10-01> patch level 4
L3 programming layer <2021-02-18> (C:\Program Files\MiKTeX\tex/latex/base\article.cls
Document Class: article 2020/04/10 v1.4m Standard LaTeX document class
(C:\Program Files\MiKTeX\tex/latex/base\size12.clo
File: size12.clo 2020/04/10 v1.4m Standard LaTeX file (size option)
)
\c@part=\count179
\c@section=\count180
\c@subsection=\count181
\c@subsubsection=\count182
\c@paragraph=\count183
\c@subparagraph=\count184
\c@figure=\count185
\c@table=\count186
\abovecaptionskip=\skip47
\belowcaptionskip=\skip48
\bibindent=\dimen138
) (C:\Program Files\MiKTeX\tex/latex/setspace\setspace.sty
Package: setspace 2011/12/19 v6.7a set line spacing
) (C:\Program Files\MiKTeX\tex/latex/l3backend\l3backend-pdftex.def
File: l3backend-pdftex.def 2021-03-18 L3 backend support: PDF output (pdfTeX)
\l__color_backend_stack_int=\count187
\l__pdf_internal_box=\box47
) (redes.aux)
\openout1 = `redes.aux'.

LaTeX Font Info:    Checking defaults for OML/cmm/m/it on input line 17.
LaTeX Font Info:    ... okay on input line 17.
LaTeX Font Info:    Checking defaults for OMS/cmsy/m/n on input line 17.
LaTeX Font Info:    ... okay on input line 17.
LaTeX Font Info:    Checking defaults for OT1/cmr/m/n on input line 17.
LaTeX Font Info:    ... okay on input line 17.
LaTeX Font Info:    Checking defaults for T1/cmr/m/n on input line 17.
LaTeX Font Info:    ... okay on input line 17.
LaTeX Font Info:    Checking defaults for TS1/cmr/m/n on input line 17.
LaTeX Font Info:    ... okay on input line 17.
LaTeX Font Info:    Checking defaults for OMX/cmex/m/n on input line 17.
LaTeX Font Info:    ... okay on input line 17.
LaTeX Font Info:    Checking defaults for U/cmr/m/n on input line 17.
LaTeX Font Info:    ... okay on input line 17.
LaTeX Font Info:    External font `cmex10' loaded for size
(Font)              <14.4> on input line 18.
LaTeX Font Info:    External font `cmex10' loaded for size
(Font)              <7> on input line 18.

Overfull \hbox (20.01474pt too wide) in paragraph at lines 24--34
\OT1/cmr/m/n/12 El sigu-iente doc-u-mento con-sti-tuye un es-tu-dio so-bre Re-des Neu-ronales. Asimismo,
 []


Underfull \hbox (badness 10000) in paragraph at lines 24--34

 []

LaTeX Font Info:    External font `cmex10' loaded for size
(Font)              <12> on input line 41.
LaTeX Font Info:    External font `cmex10' loaded for size
(Font)              <8> on input line 41.
LaTeX Font Info:    External font `cmex10' loaded for size
(Font)              <6> on input line 41.

Underfull \hbox (badness 10000) in paragraph at lines 35--57

 []

[1

{C:/Users/Administrator/AppData/Local/MiKTeX/pdftex/config/pdftex.map}]
Underfull \hbox (badness 10000) in paragraph at lines 58--80

 []

[2] (redes.aux) ) 
Here is how much of TeX's memory you used:
 454 strings out of 479321
 7830 string characters out of 2866477
 294685 words of memory out of 3000000
 17983 multiletter control sequences out of 15000+600000
 407984 words of font info for 42 fonts, out of 8000000 for 9000
 1141 hyphenation exceptions out of 8191
 44i,6n,50p,193b,188s stack positions out of 5000i,500n,10000p,200000b,80000s
<C:/Program Files/MiKTeX/fonts/type1/public/amsfonts/cm/cmbx12.pfb><C:/Program Files/MiKTeX/fonts/type1/public/amsfonts/cm/cmmi12.pfb><C:/Program Files/MiKTeX/fonts/type1/public/amsfonts/cm/cmr12.pfb><C:/Program Files/MiKTeX/fonts/type1/public/amsfonts/cm/cmr17.pfb>
Output written on redes.pdf (2 pages, 50001 bytes).
PDF statistics:
 25 PDF objects out of 1000 (max. 8388607)
 0 named destinations out of 1000 (max. 500000)
 1 words of extra memory for PDF output out of 10000 (max. 10000000)

